>>> Starting Comparison at: 2016/02/23 11:12:06:731
>>> Loading MAP1: C:/temp/PDFCompare/from_centricity ...
MISSING DOCID|BERNARD_BETTY_JEAN_1923-07-01_2010-09-01_5d1.pdf
MISSING DOCID|KAY_SABRINA_ALICE_1963-01-10_2013-05-09_2d1.pdf
MISSING DOCID|LUPINI_ILIA__1956-08-23_2013-03-13_4d1.pdf
MISSING DOCID|MAGEE_CAROL_ANN_1948-02-28_2013-02-21_5d1.pdf
MISSING DOCID|MAURO_HARRIET_S_1955-03-28_2013-03-29_2d1.pdf
MISSING DOCID|POLIQUIN_ADELE_DAILY_1960-05-12_2008-10-28_5d1.pdf
MISSING DOCID|RODRIGUEZ_REINA_MARIA_1977-11-30_2009-04-06_3d1.pdf
No XML Metadata|ROSENPRINZ_AMANDA_EMILY_1979-02-01_2013-03-22_3d1.pdf
MISSING DOCID|SESSIONS_VICKI_L_1952-05-20_2013-06-12_1d1.pdf
MISSING DOCID|SOMERS_LAURA_M_1987-12-29_2013-04-08_2d1.pdf
MISSING DOCID|STICH_PATRICIA_ANN_1941-10-25_2010-01-25_2d1.pdf
MISSING DOCID|TUFELD_MELISSA__1961-01-24_2013-06-07_2d1.pdf
MISSING DOCID|VARTANIAN_JOHN__1969-11-12_2013-04-10_5d1.pdf
MISSING DOCID|WALDRON_MICHAEL_JAMES_1957-09-16_2013-06-25_1d1.pdf
>>> MAP1 Initalized
>>> Loading MAP2: C:/temp/PDFCompare/from_onbase ...
MISSING UUID|AMB - History - Physical for PENNEY, FREDERICK WI (200558909) - Enc; 29117757090 - Discharged on.pdf
MISSING UUID|AMB - History - Physical for RAYONCALDERON, ROBERTO  (200505989) - Enc; 29117712815 - Discharged on.pdf
MISSING UUID|AMB - History - Physical for WILEY, ROBERT RO (200319648) - Enc; 29117840570 - Discharged on.pdf
MISSING UUID|AMB - Other for AMADO, MARIA D (200567381) - Enc; 29118191359 - Discharged on(2).pdf
MISSING UUID|AMB - Other for ARTUKOVICH, TINA LI (200425152) - Enc; 29112961613 - Discharged on.pdf
MISSING UUID|AMB - Other for BAER, JEFFREY MI (200061349) - Enc; 29118425604 - Discharged on.pdf
MISSING UUID|AMB - Other for BAILEY, JAN BO (010024540) - Enc; 29116228265 - Discharged on.pdf
MISSING UUID|AMB - Other for BERGGREN, JAMIE EV (031329852) - Enc; 29113043295 - Discharged on.pdf
MISSING UUID|AMB - Other for BRANDER, MARSHA RI (030060222) - Enc; 29115758797 - Discharged on.pdf
MISSING UUID|AMB - Other for BRUEHL, STEVEN J (200562054) - Enc; 29117890791 - Discharged on.pdf
MISSING UUID|AMB - Other for CABRERA, ZOILA LU (001381981) - Enc; 29110732797 - Discharged on(8).pdf
MISSING UUID|AMB - Other for CASTRO, JORGE  (200564058) - Enc; 29120043844 - Discharged on(2).pdf
MISSING UUID|AMB - Other for COBE, SHARYON RE (040526706) - Enc; 29119344808 - Discharged on(3).pdf
MISSING UUID|AMB - Other for CORNELL, CHRIS RO (200585738) - Enc; 29119343196 - Discharged on.pdf
MISSING UUID|AMB - Other for ENDOW, CARLA LO (100179582) - Enc; 29117147862 - Discharged on.pdf
MISSING UUID|AMB - Other for FINK, SHARON  (200568391) - Enc; 29118270341 - Discharged on.pdf
MISSING UUID|AMB - Other for GRAHAM, NANCY L (030295631) - Enc; 29118333272 - Discharged on.pdf
MISSING UUID|AMB - Other for HEYMANN, DEANNE KA (200460812) - Enc; 29117741566 - Discharged on.pdf
MISSING UUID|AMB - Other for IANDIORIO, JON  (200333810) - Enc; 29113235276 - Discharged on.pdf
MISSING UUID|AMB - Other for KATZMAN, NEIL RI (100079481) - Enc; 29118047896 - Discharged on(3).pdf
MISSING UUID|AMB - Other for KAWAGUCHI, JAMES AT (200538265) - Enc; 29118075652 - Discharged on(28).pdf
MISSING UUID|AMB - Other for KIVORKIAN, ZAGHIK  (200568869) - Enc; 29118182748 - Discharged on.pdf
MISSING UUID|AMB - Other for MARCZINKO, STEVEN BR (200588067) - Enc; 29119544484 - Discharged on.pdf
MISSING UUID|AMB - Other for MCCRAIGHT, GARRETT  (200502712) - Enc; 29115896328 - Discharged on.pdf
MISSING UUID|AMB - Other for MERO, DORA EL (061287060) - Enc; 29115403113 - Discharged on(3).pdf
MISSING UUID|AMB - Other for NEHORAY, ELAHEH  (200572038) - Enc; 29118312436 - Discharged on.pdf
MISSING UUID|AMB - Other for PEISNER, EILEEN  (081163708) - Enc; 29118208431 - Discharged on(2).pdf
MISSING UUID|AMB - Other for PROUSER, FRED ST (041280516) - Enc; 29118061360 - Discharged on.pdf
MISSING UUID|AMB - Other for RAMIREZ, ANA MA (200508381) - Enc; 29118024391 - Discharged on.pdf
MISSING UUID|AMB - Other for RAPPAPORT, JANET DR (020312350) - Enc; 29109988916 - Discharged on.pdf
MISSING UUID|AMB - Other for REISBORD, ELIZABETH ID (030359272) - Enc; 29117780496 - Discharged on.pdf
MISSING UUID|AMB - Other for RIVERA, DAVID AL (200549049) - Enc; 29117750347 - Discharged on(2).pdf
MISSING UUID|AMB - Other for RYAN, JAMES AN (200392177) - Enc; 29118322858 - Discharged on(2).pdf
MISSING UUID|AMB - Other for SAFAIE, BAHAREH  (200527158) - Enc; 29117397860 - Discharged on.pdf
MISSING UUID|AMB - Other for SCHLEIN, STEVEN PA (010394391) - Enc; 10101721886 - Discharged on.pdf
>>> MAP2 Initalized
>>> Starting MAP Comparison: DOC-ID ...
>>> STATUS | UUID | CENTRICITY-FILENAME | ONBASE-FILENAME ...
FOUND MATCH: UUID|uuid:d9fd5013-21e6-43b5-9655-844eed94a141|SCHNITGER_LINDA__1955-07-13_2013-04-19_1d1.pdf|AMB - Other for SCHNITGER, LINDA KA (200047399) - Enc; 29111743757 - Discharged on.pdf
FOUND MATCH: UUID|uuid:5d5abdf3-1cdd-4c4b-9bb8-3a90849057f7|AARONSON_ROBERTA_LEE_1942-02-15_2013-04-30_1d1.pdf|AARONSON_ROBERTA_LEE_1942-02-15_2013-04-30_1d1.pdf
FOUND MATCH: UUID|uuid:de884a51-1253-49a9-8323-f732bd6889c9|KRISHNASAMY_BHARATH_KUMAR_1945-06-30_2013-03-29_1d1.pdf|AMB - Other for KRISHNASAMY, BHARATH KU (200398506) - Enc; 29118019296 - Discharged on(2).pdf
=========================================================
>>> Started Comparison at: 2016/02/23 11:12:06:731
>>> Stopped Comparison at: 2016/02/23 11:13:07:194
